<?xml version="1.0" encoding="UTF-8" ?>
<testsuite tests="4" failures="1" name="hcmdemo.AppTest" time="0.025" errors="0" skipped="0">
  <properties>
[...]
</properties>
  <testcase classname="hcmdemo.AppTest" name="testAdd" time="0.016"/>
  <testcase classname="hcmdemo.AppTest" name="testSub" time="0"/>
  <testcase classname="hcmdemo.AppTest" name="testApp" time="0"/>
  <testcase classname="hcmdemo.AppTest" name="testAddNegative" time="0.009">
    <failure message="expected:&lt;5&gt; but was:&lt;4&gt;" type="junit.framework.AssertionFailedError">junit.framework.AssertionFailedError: expected:&lt;5&gt; but was:&lt;4&gt;
	at junit.framework.Assert.fail(Assert.java:47)
	at junit.framework.Assert.failNotEquals(Assert.java:282)
	at junit.framework.Assert.assertEquals(Assert.java:64)
	at junit.framework.Assert.assertEquals(Assert.java:201)
	at junit.framework.Assert.assertEquals(Assert.java:207)
	at hcmdemo.AppTest.testAddNegative(AppTest.java:47)
</failure>
  </testcase>
</testsuite>